{"/Users/d3nnn1z/Projects/jexia/jexia-sdk-js/src/Auth.js":{"path":"/Users/d3nnn1z/Projects/jexia/jexia-sdk-js/src/Auth.js","s":{"1":1,"2":1,"3":1,"4":6,"5":6,"6":6,"7":6,"8":6,"9":6,"10":1,"11":1,"12":1,"13":1,"14":0,"15":1,"16":1,"17":1,"18":1,"19":1,"20":1,"21":1,"22":2,"23":1,"24":18,"25":0,"26":1,"27":1,"28":18,"29":18,"30":1,"31":17,"32":17,"33":17,"34":17,"35":17,"36":17,"37":17,"38":17,"39":1,"40":16,"41":16,"42":16,"43":16,"44":0,"45":16,"46":1,"47":16,"48":16,"49":16,"50":8,"51":2,"52":16,"53":16,"54":17,"55":17,"56":0,"57":0,"58":0,"59":0,"60":0,"61":0,"62":1,"63":1},"b":{"1":[6,6],"2":[6,0],"3":[1,0],"4":[0,1],"5":[0,2],"6":[2,2],"7":[0,18],"8":[1,17],"9":[0,16],"10":[1,15],"11":[16,16],"12":[0,0]},"f":{"1":1,"2":1,"3":1,"4":2,"5":18,"6":1,"7":18,"8":16,"9":16,"10":16,"11":8,"12":2,"13":16,"14":16,"15":17,"16":0,"17":0},"fnMap":{"1":{"name":"(anonymous_1)","line":3,"loc":{"start":{"line":0,"column":0},"end":{"line":0,"column":0},"skip":true},"skip":true},"2":{"name":"defineProperties","line":3,"loc":{"start":{"line":0,"column":0},"end":{"line":0,"column":0},"skip":true},"skip":true},"3":{"name":"(anonymous_3)","line":3,"loc":{"start":{"line":0,"column":0},"end":{"line":0,"column":0},"skip":true},"skip":true},"4":{"name":"_interopRequireDefault","line":17,"loc":{"start":{"line":0,"column":0},"end":{"line":0,"column":0},"skip":true},"skip":true},"5":{"name":"_classCallCheck","line":19,"loc":{"start":{"line":0,"column":0},"end":{"line":0,"column":0},"skip":true},"skip":true},"6":{"name":"(anonymous_6)","line":25,"loc":{"start":{"line":7,"column":25},"end":{"line":7,"column":25}}},"7":{"name":"Auth","line":26,"loc":{"start":{"line":8,"column":4},"end":{"line":8,"column":25}}},"8":{"name":"init","line":48,"loc":{"start":{"line":0,"column":0},"end":{"line":0,"column":0},"skip":true},"skip":true},"9":{"name":"(anonymous_9)","line":51,"loc":{"start":{"line":27,"column":27},"end":{"line":27,"column":48}}},"10":{"name":"(anonymous_10)","line":61,"loc":{"start":{"line":37,"column":15},"end":{"line":37,"column":42}}},"11":{"name":"getToken","line":78,"loc":{"start":{"line":0,"column":0},"end":{"line":0,"column":0},"skip":true},"skip":true},"12":{"name":"getRefreshToken","line":83,"loc":{"start":{"line":0,"column":0},"end":{"line":0,"column":0},"skip":true},"skip":true},"13":{"name":"setToken","line":88,"loc":{"start":{"line":0,"column":0},"end":{"line":0,"column":0},"skip":true},"skip":true},"14":{"name":"setRefreshToken","line":93,"loc":{"start":{"line":0,"column":0},"end":{"line":0,"column":0},"skip":true},"skip":true},"15":{"name":"autoRefresh","line":98,"loc":{"start":{"line":0,"column":0},"end":{"line":0,"column":0},"skip":true},"skip":true},"16":{"name":"(anonymous_16)","line":101,"loc":{"start":{"line":70,"column":21},"end":{"line":70,"column":27}}},"17":{"name":"(anonymous_17)","line":113,"loc":{"start":{"line":82,"column":15},"end":{"line":82,"column":42}}}},"statementMap":{"1":{"start":{"line":0,"column":0},"end":{"line":0,"column":0},"skip":true},"2":{"start":{"line":0,"column":0},"end":{"line":0,"column":0},"skip":true},"3":{"start":{"line":0,"column":0},"end":{"line":0,"column":0},"skip":true},"4":{"start":{"line":0,"column":0},"end":{"line":0,"column":0},"skip":true},"5":{"start":{"line":0,"column":0},"end":{"line":0,"column":0},"skip":true},"6":{"start":{"line":0,"column":0},"end":{"line":0,"column":0},"skip":true},"7":{"start":{"line":0,"column":0},"end":{"line":0,"column":0},"skip":true},"8":{"start":{"line":0,"column":0},"end":{"line":0,"column":0},"skip":true},"9":{"start":{"line":0,"column":0},"end":{"line":0,"column":0},"skip":true},"10":{"start":{"line":0,"column":0},"end":{"line":0,"column":0},"skip":true},"11":{"start":{"line":0,"column":0},"end":{"line":0,"column":0},"skip":true},"12":{"start":{"line":0,"column":0},"end":{"line":0,"column":0},"skip":true},"13":{"start":{"line":0,"column":0},"end":{"line":0,"column":0},"skip":true},"14":{"start":{"line":0,"column":0},"end":{"line":0,"column":0},"skip":true},"15":{"start":{"line":0,"column":0},"end":{"line":0,"column":0},"skip":true},"16":{"start":{"line":0,"column":0},"end":{"line":0,"column":0},"skip":true},"17":{"start":{"line":0,"column":0},"end":{"line":0,"column":0},"skip":true},"18":{"start":{"line":0,"column":0},"end":{"line":0,"column":0},"skip":true},"19":{"start":{"line":0,"column":0},"end":{"line":0,"column":0},"skip":true},"20":{"start":{"line":0,"column":0},"end":{"line":0,"column":0},"skip":true},"21":{"start":{"line":0,"column":0},"end":{"line":0,"column":0},"skip":true},"22":{"start":{"line":0,"column":0},"end":{"line":0,"column":0},"skip":true},"23":{"start":{"line":0,"column":0},"end":{"line":0,"column":0},"skip":true},"24":{"start":{"line":0,"column":0},"end":{"line":0,"column":0},"skip":true},"25":{"start":{"line":0,"column":0},"end":{"line":0,"column":0},"skip":true},"26":{"start":{"line":0,"column":0},"end":{"line":0,"column":0},"skip":true},"27":{"start":{"line":8,"column":4},"end":{"line":24,"column":5}},"28":{"start":{"line":0,"column":0},"end":{"line":0,"column":0},"skip":true},"29":{"start":{"line":9,"column":8},"end":{"line":11,"column":9}},"30":{"start":{"line":10,"column":12},"end":{"line":10,"column":54}},"31":{"start":{"line":13,"column":8},"end":{"line":13,"column":31}},"32":{"start":{"line":14,"column":8},"end":{"line":14,"column":31}},"33":{"start":{"line":15,"column":8},"end":{"line":15,"column":37}},"34":{"start":{"line":16,"column":8},"end":{"line":16,"column":37}},"35":{"start":{"line":17,"column":8},"end":{"line":17,"column":38}},"36":{"start":{"line":19,"column":8},"end":{"line":19,"column":24}},"37":{"start":{"line":20,"column":8},"end":{"line":20,"column":30}},"38":{"start":{"line":20,"column":31},"end":{"line":23,"column":42}},"39":{"start":{"line":0,"column":0},"end":{"line":0,"column":0},"skip":true},"40":{"start":{"line":0,"column":0},"end":{"line":0,"column":0},"skip":true},"41":{"start":{"line":27,"column":8},"end":{"line":50,"column":11}},"42":{"start":{"line":28,"column":12},"end":{"line":49,"column":15}},"43":{"start":{"line":38,"column":16},"end":{"line":48,"column":17}},"44":{"start":{"line":39,"column":20},"end":{"line":39,"column":34}},"45":{"start":{"line":41,"column":20},"end":{"line":43,"column":21}},"46":{"start":{"line":42,"column":24},"end":{"line":42,"column":45}},"47":{"start":{"line":44,"column":20},"end":{"line":44,"column":46}},"48":{"start":{"line":45,"column":20},"end":{"line":45,"column":61}},"49":{"start":{"line":47,"column":20},"end":{"line":47,"column":34}},"50":{"start":{"line":54,"column":8},"end":{"line":54,"column":26}},"51":{"start":{"line":58,"column":8},"end":{"line":58,"column":33}},"52":{"start":{"line":62,"column":8},"end":{"line":62,"column":27}},"53":{"start":{"line":66,"column":8},"end":{"line":66,"column":41}},"54":{"start":{"line":0,"column":0},"end":{"line":0,"column":0},"skip":true},"55":{"start":{"line":70,"column":8},"end":{"line":96,"column":18}},"56":{"start":{"line":71,"column":12},"end":{"line":95,"column":15}},"57":{"start":{"line":83,"column":16},"end":{"line":85,"column":17}},"58":{"start":{"line":84,"column":20},"end":{"line":84,"column":43}},"59":{"start":{"line":85,"column":17},"end":{"line":87,"column":42}},"60":{"start":{"line":88,"column":16},"end":{"line":88,"column":56}},"61":{"start":{"line":88,"column":57},"end":{"line":94,"column":19}},"62":{"start":{"line":0,"column":0},"end":{"line":0,"column":0},"skip":true},"63":{"start":{"line":0,"column":0},"end":{"line":0,"column":0},"skip":true}},"branchMap":{"1":{"line":3,"type":"binary-expr","locations":[{"start":{"line":0,"column":0},"end":{"line":0,"column":0},"skip":true},{"start":{"line":0,"column":0},"end":{"line":0,"column":0},"skip":true}]},"2":{"line":3,"type":"if","locations":[{"start":{"line":0,"column":0},"end":{"line":0,"column":0},"skip":true},{"start":{"line":0,"column":0},"end":{"line":0,"column":0},"skip":true}]},"3":{"line":3,"type":"if","locations":[{"start":{"line":0,"column":0},"end":{"line":0,"column":0},"skip":true},{"start":{"line":0,"column":0},"end":{"line":0,"column":0},"skip":true}]},"4":{"line":3,"type":"if","locations":[{"start":{"line":0,"column":0},"end":{"line":0,"column":0},"skip":true},{"start":{"line":0,"column":0},"end":{"line":0,"column":0},"skip":true}]},"5":{"line":17,"type":"cond-expr","locations":[{"start":{"line":0,"column":0},"end":{"line":0,"column":0},"skip":true},{"start":{"line":0,"column":0},"end":{"line":0,"column":0},"skip":true}]},"6":{"line":17,"type":"binary-expr","locations":[{"start":{"line":0,"column":0},"end":{"line":0,"column":0},"skip":true},{"start":{"line":0,"column":0},"end":{"line":0,"column":0},"skip":true}]},"7":{"line":19,"type":"if","locations":[{"start":{"line":0,"column":0},"end":{"line":0,"column":0},"skip":true},{"start":{"line":0,"column":0},"end":{"line":0,"column":0},"skip":true}]},"8":{"line":29,"type":"if","locations":[{"start":{"line":9,"column":8},"end":{"line":9,"column":8}},{"start":{"line":9,"column":8},"end":{"line":9,"column":8}}]},"9":{"line":62,"type":"if","locations":[{"start":{"line":38,"column":16},"end":{"line":38,"column":16}},{"start":{"line":38,"column":16},"end":{"line":38,"column":16}}]},"10":{"line":65,"type":"if","locations":[{"start":{"line":41,"column":20},"end":{"line":41,"column":20}},{"start":{"line":41,"column":20},"end":{"line":41,"column":20}}]},"11":{"line":65,"type":"binary-expr","locations":[{"start":{"line":41,"column":23},"end":{"line":41,"column":27}},{"start":{"line":41,"column":31},"end":{"line":41,"column":43}}]},"12":{"line":114,"type":"if","locations":[{"start":{"line":83,"column":16},"end":{"line":83,"column":16}},{"start":{"line":83,"column":16},"end":{"line":83,"column":16}}]}}},"/Users/d3nnn1z/Projects/jexia/jexia-sdk-js/src/Bus.js":{"path":"/Users/d3nnn1z/Projects/jexia/jexia-sdk-js/src/Bus.js","s":{"1":1,"2":1,"3":1,"4":1,"5":1,"6":1,"7":1,"8":0,"9":1,"10":1,"11":0,"12":1,"13":1,"14":1,"15":0,"16":1,"17":1,"18":1,"19":1,"20":1,"21":1,"22":1,"23":1,"24":1,"25":1,"26":1},"b":{"1":[0,1],"2":[1,1],"3":[0,1],"4":[0,1],"5":[0,1],"6":[1,0,0],"7":[0,1],"8":[1,0],"9":[1,1],"10":[1,0],"11":[1,0]},"f":{"1":1,"2":1,"3":1,"4":1,"5":1,"6":1},"fnMap":{"1":{"name":"_interopRequireDefault","line":11,"loc":{"start":{"line":0,"column":0},"end":{"line":0,"column":0},"skip":true},"skip":true},"2":{"name":"_classCallCheck","line":13,"loc":{"start":{"line":0,"column":0},"end":{"line":0,"column":0},"skip":true},"skip":true},"3":{"name":"_possibleConstructorReturn","line":15,"loc":{"start":{"line":0,"column":0},"end":{"line":0,"column":0},"skip":true},"skip":true},"4":{"name":"_inherits","line":17,"loc":{"start":{"line":0,"column":0},"end":{"line":0,"column":0},"skip":true},"skip":true},"5":{"name":"(anonymous_5)","line":24,"loc":{"start":{"line":7,"column":10},"end":{"line":7,"column":10}}},"6":{"name":"Bus","line":27,"loc":{"start":{"line":8,"column":4},"end":{"line":8,"column":18}}}},"statementMap":{"1":{"start":{"line":0,"column":0},"end":{"line":0,"column":0},"skip":true},"2":{"start":{"line":0,"column":0},"end":{"line":0,"column":0},"skip":true},"3":{"start":{"line":0,"column":0},"end":{"line":0,"column":0},"skip":true},"4":{"start":{"line":0,"column":0},"end":{"line":0,"column":0},"skip":true},"5":{"start":{"line":0,"column":0},"end":{"line":0,"column":0},"skip":true},"6":{"start":{"line":0,"column":0},"end":{"line":0,"column":0},"skip":true},"7":{"start":{"line":0,"column":0},"end":{"line":0,"column":0},"skip":true},"8":{"start":{"line":0,"column":0},"end":{"line":0,"column":0},"skip":true},"9":{"start":{"line":0,"column":0},"end":{"line":0,"column":0},"skip":true},"10":{"start":{"line":0,"column":0},"end":{"line":0,"column":0},"skip":true},"11":{"start":{"line":0,"column":0},"end":{"line":0,"column":0},"skip":true},"12":{"start":{"line":0,"column":0},"end":{"line":0,"column":0},"skip":true},"13":{"start":{"line":0,"column":0},"end":{"line":0,"column":0},"skip":true},"14":{"start":{"line":0,"column":0},"end":{"line":0,"column":0},"skip":true},"15":{"start":{"line":0,"column":0},"end":{"line":0,"column":0},"skip":true},"16":{"start":{"line":0,"column":0},"end":{"line":0,"column":0},"skip":true},"17":{"start":{"line":0,"column":0},"end":{"line":0,"column":0},"skip":true},"18":{"start":{"line":0,"column":0},"end":{"line":0,"column":0},"skip":true},"19":{"start":{"line":0,"column":0},"end":{"line":0,"column":0},"skip":true},"20":{"start":{"line":0,"column":0},"end":{"line":0,"column":0},"skip":true},"21":{"start":{"line":8,"column":4},"end":{"line":10,"column":5}},"22":{"start":{"line":0,"column":0},"end":{"line":0,"column":0},"skip":true},"23":{"start":{"line":0,"column":0},"end":{"line":0,"column":0},"skip":true},"24":{"start":{"line":0,"column":0},"end":{"line":0,"column":0},"skip":true},"25":{"start":{"line":14,"column":0},"end":{"line":14,"column":20}},"26":{"start":{"line":0,"column":0},"end":{"line":0,"column":0},"skip":true}},"branchMap":{"1":{"line":11,"type":"cond-expr","locations":[{"start":{"line":0,"column":0},"end":{"line":0,"column":0},"skip":true},{"start":{"line":0,"column":0},"end":{"line":0,"column":0},"skip":true}]},"2":{"line":11,"type":"binary-expr","locations":[{"start":{"line":0,"column":0},"end":{"line":0,"column":0},"skip":true},{"start":{"line":0,"column":0},"end":{"line":0,"column":0},"skip":true}]},"3":{"line":13,"type":"if","locations":[{"start":{"line":0,"column":0},"end":{"line":0,"column":0},"skip":true},{"start":{"line":0,"column":0},"end":{"line":0,"column":0},"skip":true}]},"4":{"line":15,"type":"if","locations":[{"start":{"line":0,"column":0},"end":{"line":0,"column":0},"skip":true},{"start":{"line":0,"column":0},"end":{"line":0,"column":0},"skip":true}]},"5":{"line":15,"type":"cond-expr","locations":[{"start":{"line":0,"column":0},"end":{"line":0,"column":0},"skip":true},{"start":{"line":0,"column":0},"end":{"line":0,"column":0},"skip":true}]},"6":{"line":15,"type":"binary-expr","locations":[{"start":{"line":0,"column":0},"end":{"line":0,"column":0},"skip":true},{"start":{"line":0,"column":0},"end":{"line":0,"column":0},"skip":true},{"start":{"line":0,"column":0},"end":{"line":0,"column":0},"skip":true}]},"7":{"line":17,"type":"if","locations":[{"start":{"line":0,"column":0},"end":{"line":0,"column":0},"skip":true},{"start":{"line":0,"column":0},"end":{"line":0,"column":0},"skip":true}]},"8":{"line":17,"type":"binary-expr","locations":[{"start":{"line":0,"column":0},"end":{"line":0,"column":0},"skip":true},{"start":{"line":0,"column":0},"end":{"line":0,"column":0},"skip":true}]},"9":{"line":17,"type":"binary-expr","locations":[{"start":{"line":0,"column":0},"end":{"line":0,"column":0},"skip":true},{"start":{"line":0,"column":0},"end":{"line":0,"column":0},"skip":true}]},"10":{"line":17,"type":"if","locations":[{"start":{"line":0,"column":0},"end":{"line":0,"column":0},"skip":true},{"start":{"line":0,"column":0},"end":{"line":0,"column":0},"skip":true}]},"11":{"line":17,"type":"cond-expr","locations":[{"start":{"line":0,"column":0},"end":{"line":0,"column":0},"skip":true},{"start":{"line":0,"column":0},"end":{"line":0,"column":0},"skip":true}]}}},"/Users/d3nnn1z/Projects/jexia/jexia-sdk-js/src/Dataset.js":{"path":"/Users/d3nnn1z/Projects/jexia/jexia-sdk-js/src/Dataset.js","s":{"1":1,"2":1,"3":1,"4":11,"5":11,"6":11,"7":11,"8":11,"9":11,"10":1,"11":1,"12":1,"13":1,"14":0,"15":1,"16":1,"17":1,"18":1,"19":1,"20":1,"21":1,"22":1,"23":1,"24":3,"25":1,"26":20,"27":0,"28":1,"29":1,"30":20,"31":20,"32":1,"33":19,"34":19,"35":19,"36":19,"37":19,"38":1,"39":1,"40":1,"41":1,"42":1,"43":1,"44":1,"45":0,"46":1,"47":1,"48":1,"49":6,"50":8,"51":7,"52":7,"53":1,"54":6,"55":6,"56":2,"57":6,"58":6,"59":6,"60":0,"61":6,"62":0,"63":6,"64":3,"65":3,"66":4,"67":3,"68":0,"69":0,"70":3,"71":2,"72":2,"73":1,"74":2,"75":2,"76":2,"77":2,"78":2,"79":2,"80":2,"81":0,"82":0,"83":2,"84":1,"85":1,"86":1,"87":1,"88":1,"89":1},"b":{"1":[11,11],"2":[11,0],"3":[1,0],"4":[0,1],"5":[0,3],"6":[3,3],"7":[0,20],"8":[1,19],"9":[20,19],"10":[1,6],"11":[2,4],"12":[6,4],"13":[0,6],"14":[0,6],"15":[6,6],"16":[0,3],"17":[2,1],"18":[0,2],"19":[1,1]},"f":{"1":1,"2":1,"3":1,"4":3,"5":20,"6":1,"7":20,"8":1,"9":1,"10":1,"11":1,"12":1,"13":0,"14":1,"15":1,"16":1,"17":6,"18":8,"19":7,"20":6,"21":6,"22":3,"23":0,"24":2,"25":0},"fnMap":{"1":{"name":"(anonymous_1)","line":3,"loc":{"start":{"line":0,"column":0},"end":{"line":0,"column":0},"skip":true},"skip":true},"2":{"name":"defineProperties","line":3,"loc":{"start":{"line":0,"column":0},"end":{"line":0,"column":0},"skip":true},"skip":true},"3":{"name":"(anonymous_3)","line":3,"loc":{"start":{"line":0,"column":0},"end":{"line":0,"column":0},"skip":true},"skip":true},"4":{"name":"_interopRequireDefault","line":21,"loc":{"start":{"line":0,"column":0},"end":{"line":0,"column":0},"skip":true},"skip":true},"5":{"name":"_classCallCheck","line":23,"loc":{"start":{"line":0,"column":0},"end":{"line":0,"column":0},"skip":true},"skip":true},"6":{"name":"(anonymous_6)","line":29,"loc":{"start":{"line":8,"column":28},"end":{"line":8,"column":28}}},"7":{"name":"Dataset","line":30,"loc":{"start":{"line":9,"column":4},"end":{"line":9,"column":30}}},"8":{"name":"list","line":44,"loc":{"start":{"line":0,"column":0},"end":{"line":0,"column":0},"skip":true},"skip":true},"9":{"name":"query","line":53,"loc":{"start":{"line":0,"column":0},"end":{"line":0,"column":0},"skip":true},"skip":true},"10":{"name":"info","line":63,"loc":{"start":{"line":0,"column":0},"end":{"line":0,"column":0},"skip":true},"skip":true},"11":{"name":"(anonymous_11)","line":66,"loc":{"start":{"line":37,"column":27},"end":{"line":37,"column":48}}},"12":{"name":"(anonymous_12)","line":74,"loc":{"start":{"line":45,"column":21},"end":{"line":45,"column":31}}},"13":{"name":"(anonymous_13)","line":76,"loc":{"start":{"line":47,"column":15},"end":{"line":47,"column":26}}},"14":{"name":"create","line":83,"loc":{"start":{"line":0,"column":0},"end":{"line":0,"column":0},"skip":true},"skip":true},"15":{"name":"update","line":92,"loc":{"start":{"line":0,"column":0},"end":{"line":0,"column":0},"skip":true},"skip":true},"16":{"name":"_delete","line":101,"loc":{"start":{"line":0,"column":0},"end":{"line":0,"column":0},"skip":true},"skip":true},"17":{"name":"getUrl","line":110,"loc":{"start":{"line":0,"column":0},"end":{"line":0,"column":0},"skip":true},"skip":true},"18":{"name":"getEventNamespace","line":115,"loc":{"start":{"line":0,"column":0},"end":{"line":0,"column":0},"skip":true},"skip":true},"19":{"name":"request","line":120,"loc":{"start":{"line":0,"column":0},"end":{"line":0,"column":0},"skip":true},"skip":true},"20":{"name":"(anonymous_20)","line":135,"loc":{"start":{"line":98,"column":27},"end":{"line":98,"column":48}}},"21":{"name":"(anonymous_21)","line":145,"loc":{"start":{"line":108,"column":15},"end":{"line":108,"column":42}}},"22":{"name":"subscribe","line":172,"loc":{"start":{"line":0,"column":0},"end":{"line":0,"column":0},"skip":true},"skip":true},"23":{"name":"callback","line":174,"loc":{"start":{"line":134,"column":17},"end":{"line":134,"column":37}}},"24":{"name":"unsubscribe","line":207,"loc":{"start":{"line":0,"column":0},"end":{"line":0,"column":0},"skip":true},"skip":true},"25":{"name":"callback","line":209,"loc":{"start":{"line":163,"column":17},"end":{"line":163,"column":37}}}},"statementMap":{"1":{"start":{"line":0,"column":0},"end":{"line":0,"column":0},"skip":true},"2":{"start":{"line":0,"column":0},"end":{"line":0,"column":0},"skip":true},"3":{"start":{"line":0,"column":0},"end":{"line":0,"column":0},"skip":true},"4":{"start":{"line":0,"column":0},"end":{"line":0,"column":0},"skip":true},"5":{"start":{"line":0,"column":0},"end":{"line":0,"column":0},"skip":true},"6":{"start":{"line":0,"column":0},"end":{"line":0,"column":0},"skip":true},"7":{"start":{"line":0,"column":0},"end":{"line":0,"column":0},"skip":true},"8":{"start":{"line":0,"column":0},"end":{"line":0,"column":0},"skip":true},"9":{"start":{"line":0,"column":0},"end":{"line":0,"column":0},"skip":true},"10":{"start":{"line":0,"column":0},"end":{"line":0,"column":0},"skip":true},"11":{"start":{"line":0,"column":0},"end":{"line":0,"column":0},"skip":true},"12":{"start":{"line":0,"column":0},"end":{"line":0,"column":0},"skip":true},"13":{"start":{"line":0,"column":0},"end":{"line":0,"column":0},"skip":true},"14":{"start":{"line":0,"column":0},"end":{"line":0,"column":0},"skip":true},"15":{"start":{"line":0,"column":0},"end":{"line":0,"column":0},"skip":true},"16":{"start":{"line":0,"column":0},"end":{"line":0,"column":0},"skip":true},"17":{"start":{"line":0,"column":0},"end":{"line":0,"column":0},"skip":true},"18":{"start":{"line":0,"column":0},"end":{"line":0,"column":0},"skip":true},"19":{"start":{"line":0,"column":0},"end":{"line":0,"column":0},"skip":true},"20":{"start":{"line":0,"column":0},"end":{"line":0,"column":0},"skip":true},"21":{"start":{"line":0,"column":0},"end":{"line":0,"column":0},"skip":true},"22":{"start":{"line":0,"column":0},"end":{"line":0,"column":0},"skip":true},"23":{"start":{"line":0,"column":0},"end":{"line":0,"column":0},"skip":true},"24":{"start":{"line":0,"column":0},"end":{"line":0,"column":0},"skip":true},"25":{"start":{"line":0,"column":0},"end":{"line":0,"column":0},"skip":true},"26":{"start":{"line":0,"column":0},"end":{"line":0,"column":0},"skip":true},"27":{"start":{"line":0,"column":0},"end":{"line":0,"column":0},"skip":true},"28":{"start":{"line":0,"column":0},"end":{"line":0,"column":0},"skip":true},"29":{"start":{"line":9,"column":4},"end":{"line":17,"column":5}},"30":{"start":{"line":0,"column":0},"end":{"line":0,"column":0},"skip":true},"31":{"start":{"line":10,"column":8},"end":{"line":10,"column":76}},"32":{"start":{"line":10,"column":31},"end":{"line":10,"column":76}},"33":{"start":{"line":12,"column":8},"end":{"line":12,"column":25}},"34":{"start":{"line":13,"column":8},"end":{"line":13,"column":32}},"35":{"start":{"line":14,"column":8},"end":{"line":14,"column":30}},"36":{"start":{"line":15,"column":8},"end":{"line":15,"column":30}},"37":{"start":{"line":16,"column":8},"end":{"line":16,"column":30}},"38":{"start":{"line":0,"column":0},"end":{"line":0,"column":0},"skip":true},"39":{"start":{"line":20,"column":8},"end":{"line":24,"column":11}},"40":{"start":{"line":28,"column":8},"end":{"line":33,"column":11}},"41":{"start":{"line":0,"column":0},"end":{"line":0,"column":0},"skip":true},"42":{"start":{"line":37,"column":8},"end":{"line":50,"column":11}},"43":{"start":{"line":38,"column":12},"end":{"line":49,"column":15}},"44":{"start":{"line":46,"column":16},"end":{"line":46,"column":35}},"45":{"start":{"line":48,"column":16},"end":{"line":48,"column":30}},"46":{"start":{"line":54,"column":8},"end":{"line":58,"column":11}},"47":{"start":{"line":62,"column":8},"end":{"line":66,"column":11}},"48":{"start":{"line":70,"column":8},"end":{"line":74,"column":11}},"49":{"start":{"line":78,"column":8},"end":{"line":78,"column":47}},"50":{"start":{"line":82,"column":8},"end":{"line":82,"column":39}},"51":{"start":{"line":0,"column":0},"end":{"line":0,"column":0},"skip":true},"52":{"start":{"line":86,"column":8},"end":{"line":86,"column":71}},"53":{"start":{"line":86,"column":21},"end":{"line":86,"column":71}},"54":{"start":{"line":88,"column":8},"end":{"line":91,"column":19}},"55":{"start":{"line":91,"column":20},"end":{"line":96,"column":9}},"56":{"start":{"line":95,"column":12},"end":{"line":95,"column":27}},"57":{"start":{"line":98,"column":8},"end":{"line":119,"column":11}},"58":{"start":{"line":99,"column":12},"end":{"line":118,"column":15}},"59":{"start":{"line":109,"column":16},"end":{"line":111,"column":17}},"60":{"start":{"line":110,"column":20},"end":{"line":110,"column":34}},"61":{"start":{"line":113,"column":16},"end":{"line":115,"column":17}},"62":{"start":{"line":114,"column":20},"end":{"line":114,"column":41}},"63":{"start":{"line":117,"column":16},"end":{"line":117,"column":30}},"64":{"start":{"line":133,"column":8},"end":{"line":134,"column":39}},"65":{"start":{"line":0,"column":0},"end":{"line":0,"column":0},"skip":true},"66":{"start":{"line":132,"column":17},"end":{"line":132,"column":21}},"67":{"start":{"line":137,"column":8},"end":{"line":145,"column":9}},"68":{"start":{"line":138,"column":12},"end":{"line":138,"column":24}},"69":{"start":{"line":139,"column":12},"end":{"line":139,"column":25}},"70":{"start":{"line":140,"column":15},"end":{"line":145,"column":9}},"71":{"start":{"line":141,"column":12},"end":{"line":141,"column":28}},"72":{"start":{"line":142,"column":12},"end":{"line":142,"column":25}},"73":{"start":{"line":144,"column":12},"end":{"line":144,"column":70}},"74":{"start":{"line":145,"column":9},"end":{"line":148,"column":54}},"75":{"start":{"line":148,"column":55},"end":{"line":155,"column":10}},"76":{"start":{"line":155,"column":11},"end":{"line":158,"column":20}},"77":{"start":{"line":162,"column":8},"end":{"line":163,"column":40}},"78":{"start":{"line":0,"column":0},"end":{"line":0,"column":0},"skip":true},"79":{"start":{"line":161,"column":19},"end":{"line":161,"column":23}},"80":{"start":{"line":165,"column":8},"end":{"line":173,"column":9}},"81":{"start":{"line":166,"column":12},"end":{"line":166,"column":24}},"82":{"start":{"line":167,"column":12},"end":{"line":167,"column":25}},"83":{"start":{"line":168,"column":15},"end":{"line":173,"column":9}},"84":{"start":{"line":169,"column":12},"end":{"line":169,"column":28}},"85":{"start":{"line":170,"column":12},"end":{"line":170,"column":25}},"86":{"start":{"line":172,"column":12},"end":{"line":172,"column":70}},"87":{"start":{"line":175,"column":8},"end":{"line":175,"column":67}},"88":{"start":{"line":0,"column":0},"end":{"line":0,"column":0},"skip":true},"89":{"start":{"line":0,"column":0},"end":{"line":0,"column":0},"skip":true}},"branchMap":{"1":{"line":3,"type":"binary-expr","locations":[{"start":{"line":0,"column":0},"end":{"line":0,"column":0},"skip":true},{"start":{"line":0,"column":0},"end":{"line":0,"column":0},"skip":true}]},"2":{"line":3,"type":"if","locations":[{"start":{"line":0,"column":0},"end":{"line":0,"column":0},"skip":true},{"start":{"line":0,"column":0},"end":{"line":0,"column":0},"skip":true}]},"3":{"line":3,"type":"if","locations":[{"start":{"line":0,"column":0},"end":{"line":0,"column":0},"skip":true},{"start":{"line":0,"column":0},"end":{"line":0,"column":0},"skip":true}]},"4":{"line":3,"type":"if","locations":[{"start":{"line":0,"column":0},"end":{"line":0,"column":0},"skip":true},{"start":{"line":0,"column":0},"end":{"line":0,"column":0},"skip":true}]},"5":{"line":21,"type":"cond-expr","locations":[{"start":{"line":0,"column":0},"end":{"line":0,"column":0},"skip":true},{"start":{"line":0,"column":0},"end":{"line":0,"column":0},"skip":true}]},"6":{"line":21,"type":"binary-expr","locations":[{"start":{"line":0,"column":0},"end":{"line":0,"column":0},"skip":true},{"start":{"line":0,"column":0},"end":{"line":0,"column":0},"skip":true}]},"7":{"line":23,"type":"if","locations":[{"start":{"line":0,"column":0},"end":{"line":0,"column":0},"skip":true},{"start":{"line":0,"column":0},"end":{"line":0,"column":0},"skip":true}]},"8":{"line":33,"type":"if","locations":[{"start":{"line":10,"column":8},"end":{"line":10,"column":8}},{"start":{"line":10,"column":8},"end":{"line":10,"column":8}}]},"9":{"line":33,"type":"binary-expr","locations":[{"start":{"line":10,"column":12},"end":{"line":10,"column":17}},{"start":{"line":10,"column":21},"end":{"line":10,"column":28}}]},"10":{"line":123,"type":"if","locations":[{"start":{"line":86,"column":8},"end":{"line":86,"column":8}},{"start":{"line":86,"column":8},"end":{"line":86,"column":8}}]},"11":{"line":131,"type":"if","locations":[{"start":{"line":91,"column":20},"end":{"line":91,"column":20}},{"start":{"line":91,"column":20},"end":{"line":91,"column":20}}]},"12":{"line":141,"type":"binary-expr","locations":[{"start":{"line":104,"column":22},"end":{"line":104,"column":26}},{"start":{"line":104,"column":30},"end":{"line":104,"column":34}}]},"13":{"line":146,"type":"if","locations":[{"start":{"line":109,"column":16},"end":{"line":109,"column":16}},{"start":{"line":109,"column":16},"end":{"line":109,"column":16}}]},"14":{"line":150,"type":"if","locations":[{"start":{"line":113,"column":16},"end":{"line":113,"column":16}},{"start":{"line":113,"column":16},"end":{"line":113,"column":16}}]},"15":{"line":150,"type":"binary-expr","locations":[{"start":{"line":113,"column":19},"end":{"line":113,"column":23}},{"start":{"line":113,"column":27},"end":{"line":113,"column":39}}]},"16":{"line":182,"type":"if","locations":[{"start":{"line":137,"column":8},"end":{"line":137,"column":8}},{"start":{"line":137,"column":8},"end":{"line":137,"column":8}}]},"17":{"line":185,"type":"if","locations":[{"start":{"line":140,"column":15},"end":{"line":140,"column":15}},{"start":{"line":140,"column":15},"end":{"line":140,"column":15}}]},"18":{"line":215,"type":"if","locations":[{"start":{"line":165,"column":8},"end":{"line":165,"column":8}},{"start":{"line":165,"column":8},"end":{"line":165,"column":8}}]},"19":{"line":218,"type":"if","locations":[{"start":{"line":168,"column":15},"end":{"line":168,"column":15}},{"start":{"line":168,"column":15},"end":{"line":168,"column":15}}]}}},"/Users/d3nnn1z/Projects/jexia/jexia-sdk-js/src/JexiaClient.js":{"path":"/Users/d3nnn1z/Projects/jexia/jexia-sdk-js/src/JexiaClient.js","s":{"1":1,"2":1,"3":1,"4":1,"5":1,"6":1,"7":1,"8":1,"9":1,"10":1,"11":1,"12":1,"13":5,"14":1,"15":17,"16":0,"17":1,"18":17,"19":17,"20":17,"21":1,"22":16,"23":16,"24":16,"25":16,"26":1,"27":15,"28":15,"29":15,"30":15,"31":15,"32":15,"33":15,"34":15,"35":15,"36":0,"37":1},"b":{"1":[4,1],"2":[5,5],"3":[0,17],"4":[1,16],"5":[1,15],"6":[16,15,15]},"f":{"1":5,"2":17,"3":17,"4":15,"5":15,"6":15,"7":0},"fnMap":{"1":{"name":"_interopRequireDefault","line":27,"loc":{"start":{"line":0,"column":0},"end":{"line":0,"column":0},"skip":true},"skip":true},"2":{"name":"_classCallCheck","line":29,"loc":{"start":{"line":0,"column":0},"end":{"line":0,"column":0},"skip":true},"skip":true},"3":{"name":"JexiaClient","line":35,"loc":{"start":{"line":11,"column":4},"end":{"line":11,"column":25}}},"4":{"name":"(anonymous_4)","line":56,"loc":{"start":{"line":28,"column":28},"end":{"line":28,"column":48}}},"5":{"name":"(anonymous_5)","line":69,"loc":{"start":{"line":41,"column":35},"end":{"line":41,"column":43}}},"6":{"name":"(anonymous_6)","line":86,"loc":{"start":{"line":58,"column":31},"end":{"line":58,"column":41}}},"7":{"name":"(anonymous_7)","line":92,"loc":{"start":{"line":65,"column":12},"end":{"line":65,"column":23}}}},"statementMap":{"1":{"start":{"line":0,"column":0},"end":{"line":0,"column":0},"skip":true},"2":{"start":{"line":0,"column":0},"end":{"line":0,"column":0},"skip":true},"3":{"start":{"line":0,"column":0},"end":{"line":0,"column":0},"skip":true},"4":{"start":{"line":0,"column":0},"end":{"line":0,"column":0},"skip":true},"5":{"start":{"line":0,"column":0},"end":{"line":0,"column":0},"skip":true},"6":{"start":{"line":0,"column":0},"end":{"line":0,"column":0},"skip":true},"7":{"start":{"line":0,"column":0},"end":{"line":0,"column":0},"skip":true},"8":{"start":{"line":0,"column":0},"end":{"line":0,"column":0},"skip":true},"9":{"start":{"line":0,"column":0},"end":{"line":0,"column":0},"skip":true},"10":{"start":{"line":0,"column":0},"end":{"line":0,"column":0},"skip":true},"11":{"start":{"line":0,"column":0},"end":{"line":0,"column":0},"skip":true},"12":{"start":{"line":0,"column":0},"end":{"line":0,"column":0},"skip":true},"13":{"start":{"line":0,"column":0},"end":{"line":0,"column":0},"skip":true},"14":{"start":{"line":0,"column":0},"end":{"line":0,"column":0},"skip":true},"15":{"start":{"line":0,"column":0},"end":{"line":0,"column":0},"skip":true},"16":{"start":{"line":0,"column":0},"end":{"line":0,"column":0},"skip":true},"17":{"start":{"line":0,"column":0},"end":{"line":0,"column":0},"skip":true},"18":{"start":{"line":0,"column":0},"end":{"line":0,"column":0},"skip":true},"19":{"start":{"line":0,"column":0},"end":{"line":0,"column":0},"skip":true},"20":{"start":{"line":12,"column":8},"end":{"line":12,"column":91}},"21":{"start":{"line":12,"column":21},"end":{"line":12,"column":91}},"22":{"start":{"line":12,"column":91},"end":{"line":15,"column":34}},"23":{"start":{"line":15,"column":35},"end":{"line":18,"column":36}},"24":{"start":{"line":18,"column":37},"end":{"line":21,"column":43}},"25":{"start":{"line":23,"column":8},"end":{"line":25,"column":9}},"26":{"start":{"line":24,"column":12},"end":{"line":24,"column":88}},"27":{"start":{"line":25,"column":9},"end":{"line":68,"column":11}},"28":{"start":{"line":30,"column":12},"end":{"line":30,"column":26}},"29":{"start":{"line":30,"column":27},"end":{"line":38,"column":14}},"30":{"start":{"line":38,"column":15},"end":{"line":67,"column":15}},"31":{"start":{"line":44,"column":16},"end":{"line":48,"column":17}},"32":{"start":{"line":48,"column":18},"end":{"line":55,"column":18}},"33":{"start":{"line":55,"column":19},"end":{"line":60,"column":17}},"34":{"start":{"line":59,"column":20},"end":{"line":59,"column":51}},"35":{"start":{"line":60,"column":17},"end":{"line":63,"column":30}},"36":{"start":{"line":66,"column":16},"end":{"line":66,"column":39}},"37":{"start":{"line":0,"column":0},"end":{"line":0,"column":0},"skip":true}},"branchMap":{"1":{"line":27,"type":"cond-expr","locations":[{"start":{"line":0,"column":0},"end":{"line":0,"column":0},"skip":true},{"start":{"line":0,"column":0},"end":{"line":0,"column":0},"skip":true}]},"2":{"line":27,"type":"binary-expr","locations":[{"start":{"line":0,"column":0},"end":{"line":0,"column":0},"skip":true},{"start":{"line":0,"column":0},"end":{"line":0,"column":0},"skip":true}]},"3":{"line":29,"type":"if","locations":[{"start":{"line":0,"column":0},"end":{"line":0,"column":0},"skip":true},{"start":{"line":0,"column":0},"end":{"line":0,"column":0},"skip":true}]},"4":{"line":40,"type":"if","locations":[{"start":{"line":12,"column":8},"end":{"line":12,"column":8}},{"start":{"line":12,"column":8},"end":{"line":12,"column":8}}]},"5":{"line":51,"type":"if","locations":[{"start":{"line":23,"column":8},"end":{"line":23,"column":8}},{"start":{"line":23,"column":8},"end":{"line":23,"column":8}}]},"6":{"line":51,"type":"binary-expr","locations":[{"start":{"line":23,"column":12},"end":{"line":23,"column":23}},{"start":{"line":23,"column":27},"end":{"line":23,"column":39}},{"start":{"line":23,"column":43},"end":{"line":23,"column":58}}]}}},"/Users/d3nnn1z/Projects/jexia/jexia-sdk-js/src/RealtimeClient.js":{"path":"/Users/d3nnn1z/Projects/jexia/jexia-sdk-js/src/RealtimeClient.js","s":{"1":1,"2":1,"3":1,"4":5,"5":5,"6":5,"7":5,"8":5,"9":5,"10":1,"11":1,"12":1,"13":1,"14":0,"15":1,"16":1,"17":1,"18":1,"19":1,"20":1,"21":1,"22":27,"23":0,"24":1,"25":1,"26":27,"27":27,"28":27,"29":1,"30":26,"31":26,"32":26,"33":26,"34":26,"35":26,"36":26,"37":9,"38":6,"39":3,"40":3,"41":3,"42":26,"43":1,"44":26,"45":26,"46":1,"47":26,"48":3,"49":3,"50":3,"51":3,"52":0,"53":0,"54":0,"55":0,"56":3,"57":1,"58":1,"59":1,"60":1,"61":0,"62":0,"63":0,"64":0,"65":0,"66":0,"67":0,"68":1,"69":1,"70":2,"71":1,"72":1},"b":{"1":[5,5],"2":[5,0],"3":[1,0],"4":[0,1],"5":[0,1],"6":[1,1],"7":[0,27],"8":[1,26],"9":[6,3],"10":[3,3],"11":[0,0],"12":[0,0],"13":[0,0],"14":[0,0],"15":[0,0]},"f":{"1":1,"2":1,"3":1,"4":1,"5":27,"6":1,"7":27,"8":9,"9":26,"10":1,"11":3,"12":3,"13":0,"14":1,"15":0,"16":0,"17":1,"18":2},"fnMap":{"1":{"name":"(anonymous_1)","line":3,"loc":{"start":{"line":0,"column":0},"end":{"line":0,"column":0},"skip":true},"skip":true},"2":{"name":"defineProperties","line":3,"loc":{"start":{"line":0,"column":0},"end":{"line":0,"column":0},"skip":true},"skip":true},"3":{"name":"(anonymous_3)","line":3,"loc":{"start":{"line":0,"column":0},"end":{"line":0,"column":0},"skip":true},"skip":true},"4":{"name":"_interopRequireDefault","line":13,"loc":{"start":{"line":0,"column":0},"end":{"line":0,"column":0},"skip":true},"skip":true},"5":{"name":"_classCallCheck","line":15,"loc":{"start":{"line":0,"column":0},"end":{"line":0,"column":0},"skip":true},"skip":true},"6":{"name":"(anonymous_6)","line":21,"loc":{"start":{"line":6,"column":35},"end":{"line":6,"column":35}}},"7":{"name":"RealtimeClient","line":22,"loc":{"start":{"line":7,"column":4},"end":{"line":7,"column":25}}},"8":{"name":"outgoing","line":46,"loc":{"start":{"line":27,"column":22},"end":{"line":27,"column":39}}},"9":{"name":"attachEventHandlers","line":60,"loc":{"start":{"line":0,"column":0},"end":{"line":0,"column":0},"skip":true},"skip":true},"10":{"name":"(anonymous_10)","line":64,"loc":{"start":{"line":41,"column":40},"end":{"line":41,"column":50}}},"11":{"name":"(anonymous_11)","line":69,"loc":{"start":{"line":44,"column":50},"end":{"line":44,"column":60}}},"12":{"name":"onSubscription","line":75,"loc":{"start":{"line":0,"column":0},"end":{"line":0,"column":0},"skip":true},"skip":true},"13":{"name":"(anonymous_13)","line":82,"loc":{"start":{"line":52,"column":56},"end":{"line":52,"column":66}}},"14":{"name":"onToken","line":102,"loc":{"start":{"line":0,"column":0},"end":{"line":0,"column":0},"skip":true},"skip":true},"15":{"name":"(anonymous_15)","line":108,"loc":{"start":{"line":75,"column":35},"end":{"line":75,"column":43}}},"16":{"name":"(anonymous_16)","line":114,"loc":{"start":{"line":81,"column":71},"end":{"line":81,"column":81}}},"17":{"name":"getEventWithoutNamespace","line":128,"loc":{"start":{"line":0,"column":0},"end":{"line":0,"column":0},"skip":true},"skip":true},"18":{"name":"setToken","line":134,"loc":{"start":{"line":0,"column":0},"end":{"line":0,"column":0},"skip":true},"skip":true}},"statementMap":{"1":{"start":{"line":0,"column":0},"end":{"line":0,"column":0},"skip":true},"2":{"start":{"line":0,"column":0},"end":{"line":0,"column":0},"skip":true},"3":{"start":{"line":0,"column":0},"end":{"line":0,"column":0},"skip":true},"4":{"start":{"line":0,"column":0},"end":{"line":0,"column":0},"skip":true},"5":{"start":{"line":0,"column":0},"end":{"line":0,"column":0},"skip":true},"6":{"start":{"line":0,"column":0},"end":{"line":0,"column":0},"skip":true},"7":{"start":{"line":0,"column":0},"end":{"line":0,"column":0},"skip":true},"8":{"start":{"line":0,"column":0},"end":{"line":0,"column":0},"skip":true},"9":{"start":{"line":0,"column":0},"end":{"line":0,"column":0},"skip":true},"10":{"start":{"line":0,"column":0},"end":{"line":0,"column":0},"skip":true},"11":{"start":{"line":0,"column":0},"end":{"line":0,"column":0},"skip":true},"12":{"start":{"line":0,"column":0},"end":{"line":0,"column":0},"skip":true},"13":{"start":{"line":0,"column":0},"end":{"line":0,"column":0},"skip":true},"14":{"start":{"line":0,"column":0},"end":{"line":0,"column":0},"skip":true},"15":{"start":{"line":0,"column":0},"end":{"line":0,"column":0},"skip":true},"16":{"start":{"line":0,"column":0},"end":{"line":0,"column":0},"skip":true},"17":{"start":{"line":0,"column":0},"end":{"line":0,"column":0},"skip":true},"18":{"start":{"line":0,"column":0},"end":{"line":0,"column":0},"skip":true},"19":{"start":{"line":0,"column":0},"end":{"line":0,"column":0},"skip":true},"20":{"start":{"line":0,"column":0},"end":{"line":0,"column":0},"skip":true},"21":{"start":{"line":0,"column":0},"end":{"line":0,"column":0},"skip":true},"22":{"start":{"line":0,"column":0},"end":{"line":0,"column":0},"skip":true},"23":{"start":{"line":0,"column":0},"end":{"line":0,"column":0},"skip":true},"24":{"start":{"line":0,"column":0},"end":{"line":0,"column":0},"skip":true},"25":{"start":{"line":7,"column":4},"end":{"line":37,"column":5}},"26":{"start":{"line":0,"column":0},"end":{"line":0,"column":0},"skip":true},"27":{"start":{"line":0,"column":0},"end":{"line":0,"column":0},"skip":true},"28":{"start":{"line":8,"column":8},"end":{"line":10,"column":9}},"29":{"start":{"line":9,"column":12},"end":{"line":9,"column":64}},"30":{"start":{"line":12,"column":8},"end":{"line":12,"column":31}},"31":{"start":{"line":13,"column":8},"end":{"line":13,"column":35}},"32":{"start":{"line":14,"column":8},"end":{"line":14,"column":30}},"33":{"start":{"line":14,"column":31},"end":{"line":17,"column":31}},"34":{"start":{"line":17,"column":32},"end":{"line":20,"column":33}},"35":{"start":{"line":20,"column":34},"end":{"line":23,"column":45}},"36":{"start":{"line":23,"column":46},"end":{"line":34,"column":10}},"37":{"start":{"line":28,"column":16},"end":{"line":28,"column":78}},"38":{"start":{"line":28,"column":59},"end":{"line":28,"column":78}},"39":{"start":{"line":30,"column":16},"end":{"line":30,"column":48}},"40":{"start":{"line":31,"column":16},"end":{"line":31,"column":47}},"41":{"start":{"line":32,"column":16},"end":{"line":32,"column":28}},"42":{"start":{"line":34,"column":11},"end":{"line":36,"column":35}},"43":{"start":{"line":0,"column":0},"end":{"line":0,"column":0},"skip":true},"44":{"start":{"line":0,"column":0},"end":{"line":0,"column":0},"skip":true},"45":{"start":{"line":41,"column":8},"end":{"line":41,"column":74}},"46":{"start":{"line":41,"column":52},"end":{"line":41,"column":71}},"47":{"start":{"line":41,"column":75},"end":{"line":44,"column":92}},"48":{"start":{"line":44,"column":62},"end":{"line":44,"column":88}},"49":{"start":{"line":0,"column":0},"end":{"line":0,"column":0},"skip":true},"50":{"start":{"line":48,"column":8},"end":{"line":50,"column":74}},"51":{"start":{"line":52,"column":8},"end":{"line":58,"column":11}},"52":{"start":{"line":53,"column":12},"end":{"line":53,"column":64}},"53":{"start":{"line":54,"column":12},"end":{"line":57,"column":13}},"54":{"start":{"line":55,"column":16},"end":{"line":55,"column":45}},"55":{"start":{"line":56,"column":16},"end":{"line":56,"column":43}},"56":{"start":{"line":60,"column":8},"end":{"line":68,"column":11}},"57":{"start":{"line":0,"column":0},"end":{"line":0,"column":0},"skip":true},"58":{"start":{"line":72,"column":8},"end":{"line":72,"column":34}},"59":{"start":{"line":74,"column":8},"end":{"line":74,"column":34}},"60":{"start":{"line":75,"column":8},"end":{"line":91,"column":11}},"61":{"start":{"line":78,"column":12},"end":{"line":78,"column":52}},"62":{"start":{"line":78,"column":53},"end":{"line":90,"column":15}},"63":{"start":{"line":82,"column":16},"end":{"line":82,"column":78}},"64":{"start":{"line":84,"column":16},"end":{"line":89,"column":17}},"65":{"start":{"line":85,"column":20},"end":{"line":88,"column":21}},"66":{"start":{"line":86,"column":24},"end":{"line":86,"column":63}},"67":{"start":{"line":87,"column":24},"end":{"line":87,"column":61}},"68":{"start":{"line":95,"column":8},"end":{"line":95,"column":35}},"69":{"start":{"line":96,"column":8},"end":{"line":96,"column":22}},"70":{"start":{"line":100,"column":8},"end":{"line":100,"column":27}},"71":{"start":{"line":0,"column":0},"end":{"line":0,"column":0},"skip":true},"72":{"start":{"line":0,"column":0},"end":{"line":0,"column":0},"skip":true}},"branchMap":{"1":{"line":3,"type":"binary-expr","locations":[{"start":{"line":0,"column":0},"end":{"line":0,"column":0},"skip":true},{"start":{"line":0,"column":0},"end":{"line":0,"column":0},"skip":true}]},"2":{"line":3,"type":"if","locations":[{"start":{"line":0,"column":0},"end":{"line":0,"column":0},"skip":true},{"start":{"line":0,"column":0},"end":{"line":0,"column":0},"skip":true}]},"3":{"line":3,"type":"if","locations":[{"start":{"line":0,"column":0},"end":{"line":0,"column":0},"skip":true},{"start":{"line":0,"column":0},"end":{"line":0,"column":0},"skip":true}]},"4":{"line":3,"type":"if","locations":[{"start":{"line":0,"column":0},"end":{"line":0,"column":0},"skip":true},{"start":{"line":0,"column":0},"end":{"line":0,"column":0},"skip":true}]},"5":{"line":13,"type":"cond-expr","locations":[{"start":{"line":0,"column":0},"end":{"line":0,"column":0},"skip":true},{"start":{"line":0,"column":0},"end":{"line":0,"column":0},"skip":true}]},"6":{"line":13,"type":"binary-expr","locations":[{"start":{"line":0,"column":0},"end":{"line":0,"column":0},"skip":true},{"start":{"line":0,"column":0},"end":{"line":0,"column":0},"skip":true}]},"7":{"line":15,"type":"if","locations":[{"start":{"line":0,"column":0},"end":{"line":0,"column":0},"skip":true},{"start":{"line":0,"column":0},"end":{"line":0,"column":0},"skip":true}]},"8":{"line":27,"type":"if","locations":[{"start":{"line":8,"column":8},"end":{"line":8,"column":8}},{"start":{"line":8,"column":8},"end":{"line":8,"column":8}}]},"9":{"line":47,"type":"if","locations":[{"start":{"line":28,"column":16},"end":{"line":28,"column":16}},{"start":{"line":28,"column":16},"end":{"line":28,"column":16}}]},"10":{"line":49,"type":"binary-expr","locations":[{"start":{"line":30,"column":30},"end":{"line":30,"column":41}},{"start":{"line":30,"column":45},"end":{"line":30,"column":47}}]},"11":{"line":84,"type":"if","locations":[{"start":{"line":54,"column":12},"end":{"line":54,"column":12}},{"start":{"line":54,"column":12},"end":{"line":54,"column":12}}]},"12":{"line":84,"type":"binary-expr","locations":[{"start":{"line":54,"column":16},"end":{"line":54,"column":38}},{"start":{"line":54,"column":42},"end":{"line":54,"column":58}}]},"13":{"line":117,"type":"if","locations":[{"start":{"line":84,"column":16},"end":{"line":84,"column":16}},{"start":{"line":84,"column":16},"end":{"line":84,"column":16}}]},"14":{"line":117,"type":"binary-expr","locations":[{"start":{"line":84,"column":20},"end":{"line":84,"column":42}},{"start":{"line":84,"column":46},"end":{"line":84,"column":62}}]},"15":{"line":118,"type":"if","locations":[{"start":{"line":85,"column":20},"end":{"line":85,"column":20}},{"start":{"line":85,"column":20},"end":{"line":85,"column":20}}]}}},"/Users/d3nnn1z/Projects/jexia/jexia-sdk-js/src/index.js":{"path":"/Users/d3nnn1z/Projects/jexia/jexia-sdk-js/src/index.js","s":{"1":1,"2":1,"3":1,"4":1,"5":1,"6":1,"7":1},"b":{"1":[1,0],"2":[1,1]},"f":{"1":1},"fnMap":{"1":{"name":"_interopRequireDefault","line":12,"loc":{"start":{"line":0,"column":0},"end":{"line":0,"column":0},"skip":true},"skip":true}},"statementMap":{"1":{"start":{"line":0,"column":0},"end":{"line":0,"column":0},"skip":true},"2":{"start":{"line":0,"column":0},"end":{"line":0,"column":0},"skip":true},"3":{"start":{"line":0,"column":0},"end":{"line":0,"column":0},"skip":true},"4":{"start":{"line":0,"column":0},"end":{"line":0,"column":0},"skip":true},"5":{"start":{"line":0,"column":0},"end":{"line":0,"column":0},"skip":true},"6":{"start":{"line":0,"column":0},"end":{"line":0,"column":0},"skip":true},"7":{"start":{"line":0,"column":0},"end":{"line":0,"column":0},"skip":true}},"branchMap":{"1":{"line":12,"type":"cond-expr","locations":[{"start":{"line":0,"column":0},"end":{"line":0,"column":0},"skip":true},{"start":{"line":0,"column":0},"end":{"line":0,"column":0},"skip":true}]},"2":{"line":12,"type":"binary-expr","locations":[{"start":{"line":0,"column":0},"end":{"line":0,"column":0},"skip":true},{"start":{"line":0,"column":0},"end":{"line":0,"column":0},"skip":true}]}}}}