TN:
SF:/Users/d3nnn1z/Projects/jexia/jexia-sdk-js/src/Auth.js
FN:3,(anonymous_1)
FN:3,defineProperties
FN:3,(anonymous_3)
FN:17,_interopRequireDefault
FN:19,_classCallCheck
FN:25,(anonymous_6)
FN:26,Auth
FN:48,init
FN:51,(anonymous_9)
FN:61,(anonymous_10)
FN:78,getToken
FN:83,getRefreshToken
FN:88,setToken
FN:93,setRefreshToken
FN:98,autoRefresh
FN:101,(anonymous_16)
FN:113,(anonymous_17)
FNF:17
FNH:15
FNDA:1,(anonymous_1)
FNDA:1,defineProperties
FNDA:1,(anonymous_3)
FNDA:2,_interopRequireDefault
FNDA:17,_classCallCheck
FNDA:1,(anonymous_6)
FNDA:17,Auth
FNDA:15,init
FNDA:15,(anonymous_9)
FNDA:15,(anonymous_10)
FNDA:8,getToken
FNDA:2,getRefreshToken
FNDA:15,setToken
FNDA:15,setRefreshToken
FNDA:16,autoRefresh
FNDA:0,(anonymous_16)
FNDA:0,(anonymous_17)
DA:0,17
DA:8,1
DA:9,17
DA:10,1
DA:13,16
DA:14,16
DA:15,16
DA:16,16
DA:17,16
DA:19,16
DA:20,16
DA:27,15
DA:28,15
DA:38,15
DA:39,0
DA:41,15
DA:42,0
DA:44,15
DA:45,15
DA:47,15
DA:54,8
DA:58,2
DA:62,15
DA:66,15
DA:70,16
DA:71,0
DA:83,0
DA:84,0
DA:85,0
DA:88,0
LF:30
LH:23
BRDA:3,1,0,6
BRDA:3,1,1,6
BRDA:3,2,0,6
BRDA:3,2,1,0
BRDA:3,3,0,1
BRDA:3,3,1,0
BRDA:3,4,0,0
BRDA:3,4,1,1
BRDA:17,5,0,0
BRDA:17,5,1,2
BRDA:17,6,0,2
BRDA:17,6,1,2
BRDA:19,7,0,0
BRDA:19,7,1,17
BRDA:29,8,0,1
BRDA:29,8,1,16
BRDA:62,9,0,0
BRDA:62,9,1,15
BRDA:65,10,0,0
BRDA:65,10,1,15
BRDA:65,11,0,15
BRDA:65,11,1,15
BRDA:114,12,0,0
BRDA:114,12,1,0
BRF:24
BRH:20
end_of_record
TN:
SF:/Users/d3nnn1z/Projects/jexia/jexia-sdk-js/src/Bus.js
FN:11,_interopRequireDefault
FN:13,_classCallCheck
FN:15,_possibleConstructorReturn
FN:17,_inherits
FN:24,(anonymous_5)
FN:27,Bus
FNF:6
FNH:6
FNDA:1,_interopRequireDefault
FNDA:1,_classCallCheck
FNDA:1,_possibleConstructorReturn
FNDA:1,_inherits
FNDA:1,(anonymous_5)
FNDA:1,Bus
DA:0,1
DA:8,1
DA:14,1
LF:3
LH:3
BRDA:11,1,0,0
BRDA:11,1,1,1
BRDA:11,2,0,1
BRDA:11,2,1,1
BRDA:13,3,0,0
BRDA:13,3,1,1
BRDA:15,4,0,0
BRDA:15,4,1,1
BRDA:15,5,0,0
BRDA:15,5,1,1
BRDA:15,6,0,1
BRDA:15,6,1,0
BRDA:15,6,2,0
BRDA:17,7,0,0
BRDA:17,7,1,1
BRDA:17,8,0,1
BRDA:17,8,1,0
BRDA:17,9,0,1
BRDA:17,9,1,1
BRDA:17,10,0,1
BRDA:17,10,1,0
BRDA:17,11,0,1
BRDA:17,11,1,0
BRF:23
BRH:23
end_of_record
TN:
SF:/Users/d3nnn1z/Projects/jexia/jexia-sdk-js/src/Dataset.js
FN:3,(anonymous_1)
FN:3,defineProperties
FN:3,(anonymous_3)
FN:21,_interopRequireDefault
FN:23,_classCallCheck
FN:29,(anonymous_6)
FN:30,Dataset
FN:44,list
FN:53,query
FN:63,info
FN:66,(anonymous_11)
FN:74,(anonymous_12)
FN:76,(anonymous_13)
FN:83,create
FN:92,update
FN:101,_delete
FN:110,getUrl
FN:115,getEventNamespace
FN:120,request
FN:135,(anonymous_20)
FN:145,(anonymous_21)
FN:172,subscribe
FN:174,callback
FN:207,unsubscribe
FN:209,callback
FNF:25
FNH:22
FNDA:1,(anonymous_1)
FNDA:1,defineProperties
FNDA:1,(anonymous_3)
FNDA:3,_interopRequireDefault
FNDA:20,_classCallCheck
FNDA:1,(anonymous_6)
FNDA:20,Dataset
FNDA:1,list
FNDA:1,query
FNDA:1,info
FNDA:1,(anonymous_11)
FNDA:1,(anonymous_12)
FNDA:0,(anonymous_13)
FNDA:1,create
FNDA:1,update
FNDA:1,_delete
FNDA:6,getUrl
FNDA:8,getEventNamespace
FNDA:7,request
FNDA:6,(anonymous_20)
FNDA:6,(anonymous_21)
FNDA:3,subscribe
FNDA:0,callback
FNDA:2,unsubscribe
FNDA:0,callback
DA:0,20
DA:9,1
DA:10,20
DA:12,19
DA:13,19
DA:14,19
DA:15,19
DA:16,19
DA:20,1
DA:28,1
DA:37,1
DA:38,1
DA:46,1
DA:48,0
DA:54,1
DA:62,1
DA:70,1
DA:78,6
DA:82,8
DA:86,7
DA:88,6
DA:91,6
DA:95,2
DA:98,6
DA:99,6
DA:109,6
DA:110,0
DA:113,6
DA:114,0
DA:117,6
DA:132,4
DA:133,3
DA:137,3
DA:138,0
DA:139,0
DA:140,3
DA:141,2
DA:142,2
DA:144,1
DA:145,2
DA:148,2
DA:155,2
DA:161,2
DA:162,2
DA:165,2
DA:166,0
DA:167,0
DA:168,2
DA:169,1
DA:170,1
DA:172,1
DA:175,1
LF:52
LH:45
BRDA:3,1,0,11
BRDA:3,1,1,11
BRDA:3,2,0,11
BRDA:3,2,1,0
BRDA:3,3,0,1
BRDA:3,3,1,0
BRDA:3,4,0,0
BRDA:3,4,1,1
BRDA:21,5,0,0
BRDA:21,5,1,3
BRDA:21,6,0,3
BRDA:21,6,1,3
BRDA:23,7,0,0
BRDA:23,7,1,20
BRDA:33,8,0,1
BRDA:33,8,1,19
BRDA:33,9,0,20
BRDA:33,9,1,19
BRDA:123,10,0,1
BRDA:123,10,1,6
BRDA:131,11,0,2
BRDA:131,11,1,4
BRDA:141,12,0,6
BRDA:141,12,1,4
BRDA:146,13,0,0
BRDA:146,13,1,6
BRDA:150,14,0,0
BRDA:150,14,1,6
BRDA:150,15,0,6
BRDA:150,15,1,6
BRDA:182,16,0,0
BRDA:182,16,1,3
BRDA:185,17,0,2
BRDA:185,17,1,1
BRDA:215,18,0,0
BRDA:215,18,1,2
BRDA:218,19,0,1
BRDA:218,19,1,1
BRF:38
BRH:34
end_of_record
TN:
SF:/Users/d3nnn1z/Projects/jexia/jexia-sdk-js/src/JexiaClient.js
FN:27,_interopRequireDefault
FN:29,_classCallCheck
FN:35,JexiaClient
FN:56,(anonymous_4)
FN:69,(anonymous_5)
FN:86,(anonymous_6)
FN:92,(anonymous_7)
FNF:7
FNH:6
FNDA:5,_interopRequireDefault
FNDA:17,_classCallCheck
FNDA:17,JexiaClient
FNDA:15,(anonymous_4)
FNDA:15,(anonymous_5)
FNDA:15,(anonymous_6)
FNDA:0,(anonymous_7)
DA:0,17
DA:12,17
DA:15,16
DA:18,16
DA:23,16
DA:24,1
DA:25,15
DA:30,15
DA:38,15
DA:44,15
DA:48,15
DA:55,15
DA:59,15
DA:60,15
DA:66,0
LF:15
LH:14
BRDA:27,1,0,4
BRDA:27,1,1,1
BRDA:27,2,0,5
BRDA:27,2,1,5
BRDA:29,3,0,0
BRDA:29,3,1,17
BRDA:40,4,0,1
BRDA:40,4,1,16
BRDA:51,5,0,1
BRDA:51,5,1,15
BRDA:51,6,0,16
BRDA:51,6,1,15
BRDA:51,6,2,15
BRF:13
BRH:13
end_of_record
TN:
SF:/Users/d3nnn1z/Projects/jexia/jexia-sdk-js/src/RealtimeClient.js
FN:3,(anonymous_1)
FN:3,defineProperties
FN:3,(anonymous_3)
FN:13,_interopRequireDefault
FN:15,_classCallCheck
FN:21,(anonymous_6)
FN:22,RealtimeClient
FN:46,outgoing
FN:60,attachEventHandlers
FN:64,(anonymous_10)
FN:69,(anonymous_11)
FN:75,onSubscription
FN:82,(anonymous_13)
FN:102,onToken
FN:108,(anonymous_15)
FN:114,(anonymous_16)
FN:128,getEventWithoutNamespace
FN:134,setToken
FNF:18
FNH:15
FNDA:1,(anonymous_1)
FNDA:1,defineProperties
FNDA:1,(anonymous_3)
FNDA:1,_interopRequireDefault
FNDA:27,_classCallCheck
FNDA:1,(anonymous_6)
FNDA:27,RealtimeClient
FNDA:9,outgoing
FNDA:26,attachEventHandlers
FNDA:1,(anonymous_10)
FNDA:3,(anonymous_11)
FNDA:3,onSubscription
FNDA:0,(anonymous_13)
FNDA:1,onToken
FNDA:0,(anonymous_15)
FNDA:0,(anonymous_16)
FNDA:1,getEventWithoutNamespace
FNDA:2,setToken
DA:0,27
DA:7,1
DA:8,27
DA:9,1
DA:12,26
DA:13,26
DA:14,26
DA:17,26
DA:20,26
DA:23,26
DA:28,9
DA:30,3
DA:31,3
DA:32,3
DA:34,26
DA:41,26
DA:44,3
DA:48,3
DA:52,3
DA:53,0
DA:54,0
DA:55,0
DA:56,0
DA:60,3
DA:72,1
DA:74,1
DA:75,1
DA:78,0
DA:82,0
DA:84,0
DA:85,0
DA:86,0
DA:87,0
DA:95,1
DA:96,1
DA:100,2
LF:36
LH:26
BRDA:3,1,0,5
BRDA:3,1,1,5
BRDA:3,2,0,5
BRDA:3,2,1,0
BRDA:3,3,0,1
BRDA:3,3,1,0
BRDA:3,4,0,0
BRDA:3,4,1,1
BRDA:13,5,0,0
BRDA:13,5,1,1
BRDA:13,6,0,1
BRDA:13,6,1,1
BRDA:15,7,0,0
BRDA:15,7,1,27
BRDA:27,8,0,1
BRDA:27,8,1,26
BRDA:47,9,0,6
BRDA:47,9,1,3
BRDA:49,10,0,3
BRDA:49,10,1,3
BRDA:84,11,0,0
BRDA:84,11,1,0
BRDA:84,12,0,0
BRDA:84,12,1,0
BRDA:117,13,0,0
BRDA:117,13,1,0
BRDA:117,14,0,0
BRDA:117,14,1,0
BRDA:118,15,0,0
BRDA:118,15,1,0
BRF:30
BRH:20
end_of_record
TN:
SF:/Users/d3nnn1z/Projects/jexia/jexia-sdk-js/src/index.js
FN:12,_interopRequireDefault
FNF:1
FNH:1
FNDA:1,_interopRequireDefault
DA:0,1
LF:1
LH:1
BRDA:12,1,0,1
BRDA:12,1,1,0
BRDA:12,2,0,1
BRDA:12,2,1,1
BRF:4
BRH:4
end_of_record
